mode: set
github.com/ishbir/bitmessage-go/bitmessage/protocol/address.go:21.73,22.21 1 1
github.com/ishbir/bitmessage-go/bitmessage/protocol/address.go:26.2,26.17 1 1
github.com/ishbir/bitmessage-go/bitmessage/protocol/address.go:42.2,57.54 13 1
github.com/ishbir/bitmessage-go/bitmessage/protocol/address.go:22.21,24.3 1 0
github.com/ishbir/bitmessage-go/bitmessage/protocol/address.go:27.2,28.14 1 1
github.com/ishbir/bitmessage-go/bitmessage/protocol/address.go:29.2,30.22 1 1
github.com/ishbir/bitmessage-go/bitmessage/protocol/address.go:36.2,37.38 1 1
github.com/ishbir/bitmessage-go/bitmessage/protocol/address.go:38.2,39.55 1 0
github.com/ishbir/bitmessage-go/bitmessage/protocol/address.go:30.22,32.23 2 1
github.com/ishbir/bitmessage-go/bitmessage/protocol/address.go:32.23,34.5 1 1
github.com/ishbir/bitmessage-go/bitmessage/protocol/address.go:65.85,75.16 2 1
github.com/ishbir/bitmessage-go/bitmessage/protocol/address.go:79.2,91.47 9 1
github.com/ishbir/bitmessage-go/bitmessage/protocol/address.go:96.2,97.16 2 1
github.com/ishbir/bitmessage-go/bitmessage/protocol/address.go:102.2,103.16 2 1
github.com/ishbir/bitmessage-go/bitmessage/protocol/address.go:108.2,110.17 2 1
github.com/ishbir/bitmessage-go/bitmessage/protocol/address.go:133.2,136.8 4 1
github.com/ishbir/bitmessage-go/bitmessage/protocol/address.go:75.16,78.3 2 0
github.com/ishbir/bitmessage-go/bitmessage/protocol/address.go:91.47,94.3 2 0
github.com/ishbir/bitmessage-go/bitmessage/protocol/address.go:97.16,101.3 2 0
github.com/ishbir/bitmessage-go/bitmessage/protocol/address.go:103.16,107.3 2 0
github.com/ishbir/bitmessage-go/bitmessage/protocol/address.go:111.2,112.14 1 1
github.com/ishbir/bitmessage-go/bitmessage/protocol/address.go:113.2,114.39 1 1
github.com/ishbir/bitmessage-go/bitmessage/protocol/address.go:118.2,119.22 1 1
github.com/ishbir/bitmessage-go/bitmessage/protocol/address.go:123.3,123.38 1 1
github.com/ishbir/bitmessage-go/bitmessage/protocol/address.go:127.2,129.9 2 0
github.com/ishbir/bitmessage-go/bitmessage/protocol/address.go:114.39,117.4 2 0
github.com/ishbir/bitmessage-go/bitmessage/protocol/address.go:119.22,122.4 2 0
github.com/ishbir/bitmessage-go/bitmessage/protocol/address.go:123.38,126.4 2 0
github.com/ishbir/bitmessage-go/bitmessage/protocol/errors.go:10.46,13.2 1 0
github.com/ishbir/bitmessage-go/bitmessage/protocol/errors.go:17.49,19.2 1 0
github.com/ishbir/bitmessage-go/bitmessage/protocol/messages.go:20.33,22.2 1 0
github.com/ishbir/bitmessage-go/bitmessage/protocol/messages.go:28.68,29.23 1 0
github.com/ishbir/bitmessage-go/bitmessage/protocol/messages.go:32.2,49.23 9 0
github.com/ishbir/bitmessage-go/bitmessage/protocol/messages.go:29.23,31.3 1 0
github.com/ishbir/bitmessage-go/bitmessage/protocol/messages.go:56.31,62.16 4 0
github.com/ishbir/bitmessage-go/bitmessage/protocol/messages.go:67.2,70.8 4 0
github.com/ishbir/bitmessage-go/bitmessage/protocol/messages.go:62.16,65.3 2 0
github.com/ishbir/bitmessage-go/bitmessage/protocol/messages.go:100.83,115.2 6 0
github.com/ishbir/bitmessage-go/bitmessage/protocol/messages.go:120.32,124.2 2 0
github.com/ishbir/bitmessage-go/bitmessage/protocol/varint.go:14.36,16.13 2 1
github.com/ishbir/bitmessage-go/bitmessage/protocol/varint.go:19.2,19.27 1 1
github.com/ishbir/bitmessage-go/bitmessage/protocol/varint.go:23.2,23.34 1 1
github.com/ishbir/bitmessage-go/bitmessage/protocol/varint.go:27.2,27.21 1 1
github.com/ishbir/bitmessage-go/bitmessage/protocol/varint.go:31.2,31.20 1 1
github.com/ishbir/bitmessage-go/bitmessage/protocol/varint.go:16.13,18.3 1 1
github.com/ishbir/bitmessage-go/bitmessage/protocol/varint.go:19.27,22.3 2 1
github.com/ishbir/bitmessage-go/bitmessage/protocol/varint.go:23.34,26.3 2 1
github.com/ishbir/bitmessage-go/bitmessage/protocol/varint.go:27.21,30.3 2 1
github.com/ishbir/bitmessage-go/bitmessage/protocol/varint.go:39.53,40.16 1 1
github.com/ishbir/bitmessage-go/bitmessage/protocol/varint.go:44.2,44.21 1 1
github.com/ishbir/bitmessage-go/bitmessage/protocol/varint.go:40.16,42.3 1 1
github.com/ishbir/bitmessage-go/bitmessage/protocol/varint.go:45.2,46.17 1 1
github.com/ishbir/bitmessage-go/bitmessage/protocol/varint.go:49.3,53.17 4 1
github.com/ishbir/bitmessage-go/bitmessage/protocol/varint.go:56.3,56.30 1 1
github.com/ishbir/bitmessage-go/bitmessage/protocol/varint.go:58.2,59.17 1 1
github.com/ishbir/bitmessage-go/bitmessage/protocol/varint.go:62.3,66.19 4 1
github.com/ishbir/bitmessage-go/bitmessage/protocol/varint.go:69.3,69.30 1 1
github.com/ishbir/bitmessage-go/bitmessage/protocol/varint.go:71.2,72.17 1 1
github.com/ishbir/bitmessage-go/bitmessage/protocol/varint.go:75.3,79.24 4 1
github.com/ishbir/bitmessage-go/bitmessage/protocol/varint.go:82.3,82.30 1 1
github.com/ishbir/bitmessage-go/bitmessage/protocol/varint.go:84.2,85.30 1 1
github.com/ishbir/bitmessage-go/bitmessage/protocol/varint.go:46.17,48.4 1 0
github.com/ishbir/bitmessage-go/bitmessage/protocol/varint.go:53.17,55.4 1 1
github.com/ishbir/bitmessage-go/bitmessage/protocol/varint.go:59.17,61.4 1 0
github.com/ishbir/bitmessage-go/bitmessage/protocol/varint.go:66.19,68.4 1 1
github.com/ishbir/bitmessage-go/bitmessage/protocol/varint.go:72.17,74.4 1 0
github.com/ishbir/bitmessage-go/bitmessage/protocol/varint.go:79.24,81.4 1 1
github.com/ishbir/bitmessage-go/bitmessage/protocol/varint.go:93.43,97.23 3 1
github.com/ishbir/bitmessage-go/bitmessage/protocol/varint.go:101.2,101.18 1 1
github.com/ishbir/bitmessage-go/bitmessage/protocol/varint.go:97.23,99.3 1 1
github.com/ishbir/bitmessage-go/bitmessage/protocol/varint.go:109.60,112.16 2 1
github.com/ishbir/bitmessage-go/bitmessage/protocol/varint.go:116.2,120.29 3 1
github.com/ishbir/bitmessage-go/bitmessage/protocol/varint.go:130.2,130.25 1 1
github.com/ishbir/bitmessage-go/bitmessage/protocol/varint.go:112.16,114.3 1 0
github.com/ishbir/bitmessage-go/bitmessage/protocol/varint.go:120.29,122.17 2 1
github.com/ishbir/bitmessage-go/bitmessage/protocol/varint.go:126.3,127.13 2 1
github.com/ishbir/bitmessage-go/bitmessage/protocol/varint.go:122.17,125.4 1 0
github.com/ishbir/bitmessage-go/bitmessage/protocol/varstring.go:11.41,17.2 5 1
github.com/ishbir/bitmessage-go/bitmessage/protocol/varstring.go:22.58,24.16 2 1
github.com/ishbir/bitmessage-go/bitmessage/protocol/varstring.go:28.2,28.34 1 1
github.com/ishbir/bitmessage-go/bitmessage/protocol/varstring.go:33.2,33.63 1 1
github.com/ishbir/bitmessage-go/bitmessage/protocol/varstring.go:24.16,26.3 1 0
github.com/ishbir/bitmessage-go/bitmessage/protocol/varstring.go:28.34,30.3 1 1
